[2017-02-17T12:09:20,298][WARN ][r.suppressed             ] path: /schools_gov/_bulk, params: {index=schools_gov}
com.fasterxml.jackson.core.io.JsonEOFException: Unexpected end-of-input: expected close marker for Object (start marker at [Source: org.elasticsearch.transport.netty4.ByteBufStreamInput@a1ca6e4; line: 1, column: 1])
 at [Source: org.elasticsearch.transport.netty4.ByteBufStreamInput@a1ca6e4; line: 2, column: 3]
	at com.fasterxml.jackson.core.base.ParserMinimalBase._reportInvalidEOF(ParserMinimalBase.java:483) ~[jackson-core-2.8.6.jar:2.8.6]
	at com.fasterxml.jackson.core.base.ParserBase._handleEOF(ParserBase.java:535) ~[jackson-core-2.8.6.jar:2.8.6]
	at com.fasterxml.jackson.core.base.ParserBase._eofAsNextChar(ParserBase.java:547) ~[jackson-core-2.8.6.jar:2.8.6]
	at com.fasterxml.jackson.core.json.UTF8StreamJsonParser._skipWSOrEnd2(UTF8StreamJsonParser.java:3003) ~[jackson-core-2.8.6.jar:2.8.6]
	at com.fasterxml.jackson.core.json.UTF8StreamJsonParser._skipWSOrEnd(UTF8StreamJsonParser.java:2973) ~[jackson-core-2.8.6.jar:2.8.6]
	at com.fasterxml.jackson.core.json.UTF8StreamJsonParser.nextToken(UTF8StreamJsonParser.java:731) ~[jackson-core-2.8.6.jar:2.8.6]
	at org.elasticsearch.common.xcontent.json.JsonXContentParser.nextToken(JsonXContentParser.java:55) ~[elasticsearch-5.2.0.jar:5.2.0]
	at org.elasticsearch.action.bulk.BulkRequest.add(BulkRequest.java:291) ~[elasticsearch-5.2.0.jar:5.2.0]
	at org.elasticsearch.rest.action.document.RestBulkAction.prepareRequest(RestBulkAction.java:97) ~[elasticsearch-5.2.0.jar:5.2.0]
	at org.elasticsearch.rest.BaseRestHandler.handleRequest(BaseRestHandler.java:66) ~[elasticsearch-5.2.0.jar:5.2.0]
	at org.elasticsearch.rest.RestController.dispatchRequest(RestController.java:162) ~[elasticsearch-5.2.0.jar:5.2.0]
	at org.elasticsearch.http.HttpServer.dispatchRequest(HttpServer.java:115) [elasticsearch-5.2.0.jar:5.2.0]
	at org.elasticsearch.http.netty4.Netty4HttpServerTransport.dispatchRequest(Netty4HttpServerTransport.java:515) [transport-netty4-5.2.0.jar:5.2.0]
	at org.elasticsearch.http.netty4.Netty4HttpRequestHandler.channelRead0(Netty4HttpRequestHandler.java:70) [transport-netty4-5.2.0.jar:5.2.0]
	at io.netty.channel.SimpleChannelInboundHandler.channelRead(SimpleChannelInboundHandler.java:105) [netty-transport-4.1.7.Final.jar:4.1.7.Final]
	at io.netty.channel.AbstractChannelHandlerContext.invokeChannelRead(AbstractChannelHandlerContext.java:363) [netty-transport-4.1.7.Final.jar:4.1.7.Final]
	at io.netty.channel.AbstractChannelHandlerContext.invokeChannelRead(AbstractChannelHandlerContext.java:349) [netty-transport-4.1.7.Final.jar:4.1.7.Final]
	at io.netty.channel.AbstractChannelHandlerContext.fireChannelRead(AbstractChannelHandlerContext.java:341) [netty-transport-4.1.7.Final.jar:4.1.7.Final]
	at org.elasticsearch.http.netty4.pipelining.HttpPipeliningHandler.channelRead(HttpPipeliningHandler.java:66) [transport-netty4-5.2.0.jar:5.2.0]
	at io.netty.channel.AbstractChannelHandlerContext.invokeChannelRead(AbstractChannelHandlerContext.java:363) [netty-transport-4.1.7.Final.jar:4.1.7.Final]
	at io.netty.channel.AbstractChannelHandlerContext.invokeChannelRead(AbstractChannelHandlerContext.java:349) [netty-transport-4.1.7.Final.jar:4.1.7.Final]
	at io.netty.channel.AbstractChannelHandlerContext.fireChannelRead(AbstractChannelHandlerContext.java:341) [netty-transport-4.1.7.Final.jar:4.1.7.Final]
	at io.netty.handler.codec.MessageToMessageDecoder.channelRead(MessageToMessageDecoder.java:102) [netty-codec-4.1.7.Final.jar:4.1.7.Final]
	at io.netty.handler.codec.MessageToMessageCodec.channelRead(MessageToMessageCodec.java:111) [netty-codec-4.1.7.Final.jar:4.1.7.Final]
	at io.netty.channel.AbstractChannelHandlerContext.invokeChannelRead(AbstractChannelHandlerContext.java:363) [netty-transport-4.1.7.Final.jar:4.1.7.Final]
	at io.netty.channel.AbstractChannelHandlerContext.invokeChannelRead(AbstractChannelHandlerContext.java:349) [netty-transport-4.1.7.Final.jar:4.1.7.Final]
	at io.netty.channel.AbstractChannelHandlerContext.fireChannelRead(AbstractChannelHandlerContext.java:341) [netty-transport-4.1.7.Final.jar:4.1.7.Final]
	at io.netty.handler.codec.MessageToMessageDecoder.channelRead(MessageToMessageDecoder.java:102) [netty-codec-4.1.7.Final.jar:4.1.7.Final]
	at io.netty.channel.AbstractChannelHandlerContext.invokeChannelRead(AbstractChannelHandlerContext.java:363) [netty-transport-4.1.7.Final.jar:4.1.7.Final]
	at io.netty.channel.AbstractChannelHandlerContext.invokeChannelRead(AbstractChannelHandlerContext.java:349) [netty-transport-4.1.7.Final.jar:4.1.7.Final]
	at io.netty.channel.AbstractChannelHandlerContext.fireChannelRead(AbstractChannelHandlerContext.java:341) [netty-transport-4.1.7.Final.jar:4.1.7.Final]
	at io.netty.handler.codec.MessageToMessageDecoder.channelRead(MessageToMessageDecoder.java:102) [netty-codec-4.1.7.Final.jar:4.1.7.Final]
	at io.netty.channel.AbstractChannelHandlerContext.invokeChannelRead(AbstractChannelHandlerContext.java:363) [netty-transport-4.1.7.Final.jar:4.1.7.Final]
	at io.netty.channel.AbstractChannelHandlerContext.invokeChannelRead(AbstractChannelHandlerContext.java:349) [netty-transport-4.1.7.Final.jar:4.1.7.Final]
	at io.netty.channel.AbstractChannelHandlerContext.fireChannelRead(AbstractChannelHandlerContext.java:341) [netty-transport-4.1.7.Final.jar:4.1.7.Final]
	at io.netty.handler.codec.ByteToMessageDecoder.fireChannelRead(ByteToMessageDecoder.java:293) [netty-codec-4.1.7.Final.jar:4.1.7.Final]
	at io.netty.handler.codec.ByteToMessageDecoder.channelRead(ByteToMessageDecoder.java:267) [netty-codec-4.1.7.Final.jar:4.1.7.Final]
	at io.netty.channel.AbstractChannelHandlerContext.invokeChannelRead(AbstractChannelHandlerContext.java:363) [netty-transport-4.1.7.Final.jar:4.1.7.Final]
	at io.netty.channel.AbstractChannelHandlerContext.invokeChannelRead(AbstractChannelHandlerContext.java:349) [netty-transport-4.1.7.Final.jar:4.1.7.Final]
	at io.netty.channel.AbstractChannelHandlerContext.fireChannelRead(AbstractChannelHandlerContext.java:341) [netty-transport-4.1.7.Final.jar:4.1.7.Final]
	at io.netty.channel.ChannelInboundHandlerAdapter.channelRead(ChannelInboundHandlerAdapter.java:86) [netty-transport-4.1.7.Final.jar:4.1.7.Final]
	at io.netty.channel.AbstractChannelHandlerContext.invokeChannelRead(AbstractChannelHandlerContext.java:363) [netty-transport-4.1.7.Final.jar:4.1.7.Final]
	at io.netty.channel.AbstractChannelHandlerContext.invokeChannelRead(AbstractChannelHandlerContext.java:349) [netty-transport-4.1.7.Final.jar:4.1.7.Final]
	at io.netty.channel.AbstractChannelHandlerContext.fireChannelRead(AbstractChannelHandlerContext.java:341) [netty-transport-4.1.7.Final.jar:4.1.7.Final]
	at io.netty.channel.DefaultChannelPipeline$HeadContext.channelRead(DefaultChannelPipeline.java:1334) [netty-transport-4.1.7.Final.jar:4.1.7.Final]
	at io.netty.channel.AbstractChannelHandlerContext.invokeChannelRead(AbstractChannelHandlerContext.java:363) [netty-transport-4.1.7.Final.jar:4.1.7.Final]
	at io.netty.channel.AbstractChannelHandlerContext.invokeChannelRead(AbstractChannelHandlerContext.java:349) [netty-transport-4.1.7.Final.jar:4.1.7.Final]
	at io.netty.channel.DefaultChannelPipeline.fireChannelRead(DefaultChannelPipeline.java:926) [netty-transport-4.1.7.Final.jar:4.1.7.Final]
	at io.netty.channel.nio.AbstractNioByteChannel$NioByteUnsafe.read(AbstractNioByteChannel.java:129) [netty-transport-4.1.7.Final.jar:4.1.7.Final]
	at io.netty.channel.nio.NioEventLoop.processSelectedKey(NioEventLoop.java:642) [netty-transport-4.1.7.Final.jar:4.1.7.Final]
	at io.netty.channel.nio.NioEventLoop.processSelectedKeysPlain(NioEventLoop.java:527) [netty-transport-4.1.7.Final.jar:4.1.7.Final]
	at io.netty.channel.nio.NioEventLoop.processSelectedKeys(NioEventLoop.java:481) [netty-transport-4.1.7.Final.jar:4.1.7.Final]
	at io.netty.channel.nio.NioEventLoop.run(NioEventLoop.java:441) [netty-transport-4.1.7.Final.jar:4.1.7.Final]
	at io.netty.util.concurrent.SingleThreadEventExecutor$5.run(SingleThreadEventExecutor.java:858) [netty-common-4.1.7.Final.jar:4.1.7.Final]
	at java.lang.Thread.run(Thread.java:745) [?:1.8.0_111]
[2017-02-17T12:09:31,711][INFO ][o.e.b.Bootstrap          ] running graceful exit on windows
[2017-02-17T12:09:31,715][INFO ][o.e.n.Node               ] [lmH2s5S] stopping ...
[2017-02-17T12:09:31,894][INFO ][o.e.n.Node               ] [lmH2s5S] stopped
[2017-02-17T12:09:31,895][INFO ][o.e.n.Node               ] [lmH2s5S] closing ...
[2017-02-17T12:09:31,943][INFO ][o.e.n.Node               ] [lmH2s5S] closed
[2017-02-17T12:10:07,120][INFO ][o.e.n.Node               ] [] initializing ...
[2017-02-17T12:10:07,808][INFO ][o.e.e.NodeEnvironment    ] [lmH2s5S] using [1] data paths, mounts [[New Volume (E:)]], net usable_space [207.1gb], net total_space [221.6gb], spins? [unknown], types [NTFS]
[2017-02-17T12:10:07,809][INFO ][o.e.e.NodeEnvironment    ] [lmH2s5S] heap size [1.9gb], compressed ordinary object pointers [true]
[2017-02-17T12:10:08,021][INFO ][o.e.n.Node               ] node name [lmH2s5S] derived from node ID [lmH2s5SmSYa4eekPjOZCLg]; set [node.name] to override
[2017-02-17T12:10:08,042][INFO ][o.e.n.Node               ] version[5.2.0], pid[5068], build[24e05b9/2017-01-24T19:52:35.800Z], OS[Windows 10/10.0/amd64], JVM[Oracle Corporation/Java HotSpot(TM) 64-Bit Server VM/1.8.0_111/25.111-b14]
[2017-02-17T12:10:11,396][INFO ][o.e.p.PluginsService     ] [lmH2s5S] loaded module [aggs-matrix-stats]
[2017-02-17T12:10:11,396][INFO ][o.e.p.PluginsService     ] [lmH2s5S] loaded module [ingest-common]
[2017-02-17T12:10:11,397][INFO ][o.e.p.PluginsService     ] [lmH2s5S] loaded module [lang-expression]
[2017-02-17T12:10:11,397][INFO ][o.e.p.PluginsService     ] [lmH2s5S] loaded module [lang-groovy]
[2017-02-17T12:10:11,397][INFO ][o.e.p.PluginsService     ] [lmH2s5S] loaded module [lang-mustache]
[2017-02-17T12:10:11,398][INFO ][o.e.p.PluginsService     ] [lmH2s5S] loaded module [lang-painless]
[2017-02-17T12:10:11,399][INFO ][o.e.p.PluginsService     ] [lmH2s5S] loaded module [percolator]
[2017-02-17T12:10:11,399][INFO ][o.e.p.PluginsService     ] [lmH2s5S] loaded module [reindex]
[2017-02-17T12:10:11,400][INFO ][o.e.p.PluginsService     ] [lmH2s5S] loaded module [transport-netty3]
[2017-02-17T12:10:11,401][INFO ][o.e.p.PluginsService     ] [lmH2s5S] loaded module [transport-netty4]
[2017-02-17T12:10:11,402][INFO ][o.e.p.PluginsService     ] [lmH2s5S] loaded plugin [analysis-icu]
[2017-02-17T12:10:23,158][INFO ][o.e.n.Node               ] initialized
[2017-02-17T12:10:23,158][INFO ][o.e.n.Node               ] [lmH2s5S] starting ...
[2017-02-17T12:10:23,757][INFO ][o.e.t.TransportService   ] [lmH2s5S] publish_address {127.0.0.1:9300}, bound_addresses {127.0.0.1:9300}, {[::1]:9300}
[2017-02-17T12:10:26,977][INFO ][o.e.c.s.ClusterService   ] [lmH2s5S] new_master {lmH2s5S}{lmH2s5SmSYa4eekPjOZCLg}{Cw6DN677Rv6C0ySBQCoHtw}{127.0.0.1}{127.0.0.1:9300}, reason: zen-disco-elected-as-master ([0] nodes joined)
[2017-02-17T12:10:27,249][INFO ][o.e.h.HttpServer         ] [lmH2s5S] publish_address {127.0.0.1:9200}, bound_addresses {127.0.0.1:9200}, {[::1]:9200}
[2017-02-17T12:10:27,250][INFO ][o.e.n.Node               ] [lmH2s5S] started
[2017-02-17T12:10:28,472][INFO ][o.e.g.GatewayService     ] [lmH2s5S] recovered [4] indices into cluster_state
[2017-02-17T12:10:34,148][INFO ][o.e.c.r.a.AllocationService] [lmH2s5S] Cluster health status changed from [RED] to [YELLOW] (reason: [shards started [[schools][2]] ...]).
[2017-02-17T12:10:55,253][WARN ][r.suppressed             ] path: /schools_gov/_bulk, params: {index=schools_gov}
com.fasterxml.jackson.core.io.JsonEOFException: Unexpected end-of-input: expected close marker for Object (start marker at [Source: org.elasticsearch.transport.netty4.ByteBufStreamInput@6494bff4; line: 1, column: 1])
 at [Source: org.elasticsearch.transport.netty4.ByteBufStreamInput@6494bff4; line: 2, column: 3]
	at com.fasterxml.jackson.core.base.ParserMinimalBase._reportInvalidEOF(ParserMinimalBase.java:483) ~[jackson-core-2.8.6.jar:2.8.6]
	at com.fasterxml.jackson.core.base.ParserBase._handleEOF(ParserBase.java:535) ~[jackson-core-2.8.6.jar:2.8.6]
	at com.fasterxml.jackson.core.base.ParserBase._eofAsNextChar(ParserBase.java:547) ~[jackson-core-2.8.6.jar:2.8.6]
	at com.fasterxml.jackson.core.json.UTF8StreamJsonParser._skipWSOrEnd2(UTF8StreamJsonParser.java:3003) ~[jackson-core-2.8.6.jar:2.8.6]
	at com.fasterxml.jackson.core.json.UTF8StreamJsonParser._skipWSOrEnd(UTF8StreamJsonParser.java:2973) ~[jackson-core-2.8.6.jar:2.8.6]
	at com.fasterxml.jackson.core.json.UTF8StreamJsonParser.nextToken(UTF8StreamJsonParser.java:731) ~[jackson-core-2.8.6.jar:2.8.6]
	at org.elasticsearch.common.xcontent.json.JsonXContentParser.nextToken(JsonXContentParser.java:55) ~[elasticsearch-5.2.0.jar:5.2.0]
	at org.elasticsearch.action.bulk.BulkRequest.add(BulkRequest.java:291) ~[elasticsearch-5.2.0.jar:5.2.0]
	at org.elasticsearch.rest.action.document.RestBulkAction.prepareRequest(RestBulkAction.java:97) ~[elasticsearch-5.2.0.jar:5.2.0]
	at org.elasticsearch.rest.BaseRestHandler.handleRequest(BaseRestHandler.java:66) ~[elasticsearch-5.2.0.jar:5.2.0]
	at org.elasticsearch.rest.RestController.dispatchRequest(RestController.java:162) ~[elasticsearch-5.2.0.jar:5.2.0]
	at org.elasticsearch.http.HttpServer.dispatchRequest(HttpServer.java:115) [elasticsearch-5.2.0.jar:5.2.0]
	at org.elasticsearch.http.netty4.Netty4HttpServerTransport.dispatchRequest(Netty4HttpServerTransport.java:515) [transport-netty4-5.2.0.jar:5.2.0]
	at org.elasticsearch.http.netty4.Netty4HttpRequestHandler.channelRead0(Netty4HttpRequestHandler.java:70) [transport-netty4-5.2.0.jar:5.2.0]
	at io.netty.channel.SimpleChannelInboundHandler.channelRead(SimpleChannelInboundHandler.java:105) [netty-transport-4.1.7.Final.jar:4.1.7.Final]
	at io.netty.channel.AbstractChannelHandlerContext.invokeChannelRead(AbstractChannelHandlerContext.java:363) [netty-transport-4.1.7.Final.jar:4.1.7.Final]
	at io.netty.channel.AbstractChannelHandlerContext.invokeChannelRead(AbstractChannelHandlerContext.java:349) [netty-transport-4.1.7.Final.jar:4.1.7.Final]
	at io.netty.channel.AbstractChannelHandlerContext.fireChannelRead(AbstractChannelHandlerContext.java:341) [netty-transport-4.1.7.Final.jar:4.1.7.Final]
	at org.elasticsearch.http.netty4.pipelining.HttpPipeliningHandler.channelRead(HttpPipeliningHandler.java:66) [transport-netty4-5.2.0.jar:5.2.0]
	at io.netty.channel.AbstractChannelHandlerContext.invokeChannelRead(AbstractChannelHandlerContext.java:363) [netty-transport-4.1.7.Final.jar:4.1.7.Final]
	at io.netty.channel.AbstractChannelHandlerContext.invokeChannelRead(AbstractChannelHandlerContext.java:349) [netty-transport-4.1.7.Final.jar:4.1.7.Final]
	at io.netty.channel.AbstractChannelHandlerContext.fireChannelRead(AbstractChannelHandlerContext.java:341) [netty-transport-4.1.7.Final.jar:4.1.7.Final]
	at io.netty.handler.codec.MessageToMessageDecoder.channelRead(MessageToMessageDecoder.java:102) [netty-codec-4.1.7.Final.jar:4.1.7.Final]
	at io.netty.handler.codec.MessageToMessageCodec.channelRead(MessageToMessageCodec.java:111) [netty-codec-4.1.7.Final.jar:4.1.7.Final]
	at io.netty.channel.AbstractChannelHandlerContext.invokeChannelRead(AbstractChannelHandlerContext.java:363) [netty-transport-4.1.7.Final.jar:4.1.7.Final]
	at io.netty.channel.AbstractChannelHandlerContext.invokeChannelRead(AbstractChannelHandlerContext.java:349) [netty-transport-4.1.7.Final.jar:4.1.7.Final]
	at io.netty.channel.AbstractChannelHandlerContext.fireChannelRead(AbstractChannelHandlerContext.java:341) [netty-transport-4.1.7.Final.jar:4.1.7.Final]
	at io.netty.handler.codec.MessageToMessageDecoder.channelRead(MessageToMessageDecoder.java:102) [netty-codec-4.1.7.Final.jar:4.1.7.Final]
	at io.netty.channel.AbstractChannelHandlerContext.invokeChannelRead(AbstractChannelHandlerContext.java:363) [netty-transport-4.1.7.Final.jar:4.1.7.Final]
	at io.netty.channel.AbstractChannelHandlerContext.invokeChannelRead(AbstractChannelHandlerContext.java:349) [netty-transport-4.1.7.Final.jar:4.1.7.Final]
	at io.netty.channel.AbstractChannelHandlerContext.fireChannelRead(AbstractChannelHandlerContext.java:341) [netty-transport-4.1.7.Final.jar:4.1.7.Final]
	at io.netty.handler.codec.MessageToMessageDecoder.channelRead(MessageToMessageDecoder.java:102) [netty-codec-4.1.7.Final.jar:4.1.7.Final]
	at io.netty.channel.AbstractChannelHandlerContext.invokeChannelRead(AbstractChannelHandlerContext.java:363) [netty-transport-4.1.7.Final.jar:4.1.7.Final]
	at io.netty.channel.AbstractChannelHandlerContext.invokeChannelRead(AbstractChannelHandlerContext.java:349) [netty-transport-4.1.7.Final.jar:4.1.7.Final]
	at io.netty.channel.AbstractChannelHandlerContext.fireChannelRead(AbstractChannelHandlerContext.java:341) [netty-transport-4.1.7.Final.jar:4.1.7.Final]
	at io.netty.handler.codec.ByteToMessageDecoder.fireChannelRead(ByteToMessageDecoder.java:293) [netty-codec-4.1.7.Final.jar:4.1.7.Final]
	at io.netty.handler.codec.ByteToMessageDecoder.channelRead(ByteToMessageDecoder.java:267) [netty-codec-4.1.7.Final.jar:4.1.7.Final]
	at io.netty.channel.AbstractChannelHandlerContext.invokeChannelRead(AbstractChannelHandlerContext.java:363) [netty-transport-4.1.7.Final.jar:4.1.7.Final]
	at io.netty.channel.AbstractChannelHandlerContext.invokeChannelRead(AbstractChannelHandlerContext.java:349) [netty-transport-4.1.7.Final.jar:4.1.7.Final]
	at io.netty.channel.AbstractChannelHandlerContext.fireChannelRead(AbstractChannelHandlerContext.java:341) [netty-transport-4.1.7.Final.jar:4.1.7.Final]
	at io.netty.channel.ChannelInboundHandlerAdapter.channelRead(ChannelInboundHandlerAdapter.java:86) [netty-transport-4.1.7.Final.jar:4.1.7.Final]
	at io.netty.channel.AbstractChannelHandlerContext.invokeChannelRead(AbstractChannelHandlerContext.java:363) [netty-transport-4.1.7.Final.jar:4.1.7.Final]
	at io.netty.channel.AbstractChannelHandlerContext.invokeChannelRead(AbstractChannelHandlerContext.java:349) [netty-transport-4.1.7.Final.jar:4.1.7.Final]
	at io.netty.channel.AbstractChannelHandlerContext.fireChannelRead(AbstractChannelHandlerContext.java:341) [netty-transport-4.1.7.Final.jar:4.1.7.Final]
	at io.netty.channel.DefaultChannelPipeline$HeadContext.channelRead(DefaultChannelPipeline.java:1334) [netty-transport-4.1.7.Final.jar:4.1.7.Final]
	at io.netty.channel.AbstractChannelHandlerContext.invokeChannelRead(AbstractChannelHandlerContext.java:363) [netty-transport-4.1.7.Final.jar:4.1.7.Final]
	at io.netty.channel.AbstractChannelHandlerContext.invokeChannelRead(AbstractChannelHandlerContext.java:349) [netty-transport-4.1.7.Final.jar:4.1.7.Final]
	at io.netty.channel.DefaultChannelPipeline.fireChannelRead(DefaultChannelPipeline.java:926) [netty-transport-4.1.7.Final.jar:4.1.7.Final]
	at io.netty.channel.nio.AbstractNioByteChannel$NioByteUnsafe.read(AbstractNioByteChannel.java:129) [netty-transport-4.1.7.Final.jar:4.1.7.Final]
	at io.netty.channel.nio.NioEventLoop.processSelectedKey(NioEventLoop.java:642) [netty-transport-4.1.7.Final.jar:4.1.7.Final]
	at io.netty.channel.nio.NioEventLoop.processSelectedKeysPlain(NioEventLoop.java:527) [netty-transport-4.1.7.Final.jar:4.1.7.Final]
	at io.netty.channel.nio.NioEventLoop.processSelectedKeys(NioEventLoop.java:481) [netty-transport-4.1.7.Final.jar:4.1.7.Final]
	at io.netty.channel.nio.NioEventLoop.run(NioEventLoop.java:441) [netty-transport-4.1.7.Final.jar:4.1.7.Final]
	at io.netty.util.concurrent.SingleThreadEventExecutor$5.run(SingleThreadEventExecutor.java:858) [netty-common-4.1.7.Final.jar:4.1.7.Final]
	at java.lang.Thread.run(Thread.java:745) [?:1.8.0_111]
[2017-02-17T12:11:04,621][WARN ][r.suppressed             ] path: /schools_gov/_bulk, params: {index=schools_gov}
com.fasterxml.jackson.core.io.JsonEOFException: Unexpected end-of-input: expected close marker for Object (start marker at [Source: org.elasticsearch.transport.netty4.ByteBufStreamInput@7717148d; line: 1, column: 1])
 at [Source: org.elasticsearch.transport.netty4.ByteBufStreamInput@7717148d; line: 2, column: 3]
	at com.fasterxml.jackson.core.base.ParserMinimalBase._reportInvalidEOF(ParserMinimalBase.java:483) ~[jackson-core-2.8.6.jar:2.8.6]
	at com.fasterxml.jackson.core.base.ParserBase._handleEOF(ParserBase.java:535) ~[jackson-core-2.8.6.jar:2.8.6]
	at com.fasterxml.jackson.core.base.ParserBase._eofAsNextChar(ParserBase.java:547) ~[jackson-core-2.8.6.jar:2.8.6]
	at com.fasterxml.jackson.core.json.UTF8StreamJsonParser._skipWSOrEnd2(UTF8StreamJsonParser.java:3003) ~[jackson-core-2.8.6.jar:2.8.6]
	at com.fasterxml.jackson.core.json.UTF8StreamJsonParser._skipWSOrEnd(UTF8StreamJsonParser.java:2973) ~[jackson-core-2.8.6.jar:2.8.6]
	at com.fasterxml.jackson.core.json.UTF8StreamJsonParser.nextToken(UTF8StreamJsonParser.java:731) ~[jackson-core-2.8.6.jar:2.8.6]
	at org.elasticsearch.common.xcontent.json.JsonXContentParser.nextToken(JsonXContentParser.java:55) ~[elasticsearch-5.2.0.jar:5.2.0]
	at org.elasticsearch.action.bulk.BulkRequest.add(BulkRequest.java:291) ~[elasticsearch-5.2.0.jar:5.2.0]
	at org.elasticsearch.rest.action.document.RestBulkAction.prepareRequest(RestBulkAction.java:97) ~[elasticsearch-5.2.0.jar:5.2.0]
	at org.elasticsearch.rest.BaseRestHandler.handleRequest(BaseRestHandler.java:66) ~[elasticsearch-5.2.0.jar:5.2.0]
	at org.elasticsearch.rest.RestController.dispatchRequest(RestController.java:162) ~[elasticsearch-5.2.0.jar:5.2.0]
	at org.elasticsearch.http.HttpServer.dispatchRequest(HttpServer.java:115) [elasticsearch-5.2.0.jar:5.2.0]
	at org.elasticsearch.http.netty4.Netty4HttpServerTransport.dispatchRequest(Netty4HttpServerTransport.java:515) [transport-netty4-5.2.0.jar:5.2.0]
	at org.elasticsearch.http.netty4.Netty4HttpRequestHandler.channelRead0(Netty4HttpRequestHandler.java:70) [transport-netty4-5.2.0.jar:5.2.0]
	at io.netty.channel.SimpleChannelInboundHandler.channelRead(SimpleChannelInboundHandler.java:105) [netty-transport-4.1.7.Final.jar:4.1.7.Final]
	at io.netty.channel.AbstractChannelHandlerContext.invokeChannelRead(AbstractChannelHandlerContext.java:363) [netty-transport-4.1.7.Final.jar:4.1.7.Final]
	at io.netty.channel.AbstractChannelHandlerContext.invokeChannelRead(AbstractChannelHandlerContext.java:349) [netty-transport-4.1.7.Final.jar:4.1.7.Final]
	at io.netty.channel.AbstractChannelHandlerContext.fireChannelRead(AbstractChannelHandlerContext.java:341) [netty-transport-4.1.7.Final.jar:4.1.7.Final]
	at org.elasticsearch.http.netty4.pipelining.HttpPipeliningHandler.channelRead(HttpPipeliningHandler.java:66) [transport-netty4-5.2.0.jar:5.2.0]
	at io.netty.channel.AbstractChannelHandlerContext.invokeChannelRead(AbstractChannelHandlerContext.java:363) [netty-transport-4.1.7.Final.jar:4.1.7.Final]
	at io.netty.channel.AbstractChannelHandlerContext.invokeChannelRead(AbstractChannelHandlerContext.java:349) [netty-transport-4.1.7.Final.jar:4.1.7.Final]
	at io.netty.channel.AbstractChannelHandlerContext.fireChannelRead(AbstractChannelHandlerContext.java:341) [netty-transport-4.1.7.Final.jar:4.1.7.Final]
	at io.netty.handler.codec.MessageToMessageDecoder.channelRead(MessageToMessageDecoder.java:102) [netty-codec-4.1.7.Final.jar:4.1.7.Final]
	at io.netty.handler.codec.MessageToMessageCodec.channelRead(MessageToMessageCodec.java:111) [netty-codec-4.1.7.Final.jar:4.1.7.Final]
	at io.netty.channel.AbstractChannelHandlerContext.invokeChannelRead(AbstractChannelHandlerContext.java:363) [netty-transport-4.1.7.Final.jar:4.1.7.Final]
	at io.netty.channel.AbstractChannelHandlerContext.invokeChannelRead(AbstractChannelHandlerContext.java:349) [netty-transport-4.1.7.Final.jar:4.1.7.Final]
	at io.netty.channel.AbstractChannelHandlerContext.fireChannelRead(AbstractChannelHandlerContext.java:341) [netty-transport-4.1.7.Final.jar:4.1.7.Final]
	at io.netty.handler.codec.MessageToMessageDecoder.channelRead(MessageToMessageDecoder.java:102) [netty-codec-4.1.7.Final.jar:4.1.7.Final]
	at io.netty.channel.AbstractChannelHandlerContext.invokeChannelRead(AbstractChannelHandlerContext.java:363) [netty-transport-4.1.7.Final.jar:4.1.7.Final]
	at io.netty.channel.AbstractChannelHandlerContext.invokeChannelRead(AbstractChannelHandlerContext.java:349) [netty-transport-4.1.7.Final.jar:4.1.7.Final]
	at io.netty.channel.AbstractChannelHandlerContext.fireChannelRead(AbstractChannelHandlerContext.java:341) [netty-transport-4.1.7.Final.jar:4.1.7.Final]
	at io.netty.handler.codec.MessageToMessageDecoder.channelRead(MessageToMessageDecoder.java:102) [netty-codec-4.1.7.Final.jar:4.1.7.Final]
	at io.netty.channel.AbstractChannelHandlerContext.invokeChannelRead(AbstractChannelHandlerContext.java:363) [netty-transport-4.1.7.Final.jar:4.1.7.Final]
	at io.netty.channel.AbstractChannelHandlerContext.invokeChannelRead(AbstractChannelHandlerContext.java:349) [netty-transport-4.1.7.Final.jar:4.1.7.Final]
	at io.netty.channel.AbstractChannelHandlerContext.fireChannelRead(AbstractChannelHandlerContext.java:341) [netty-transport-4.1.7.Final.jar:4.1.7.Final]
	at io.netty.handler.codec.ByteToMessageDecoder.fireChannelRead(ByteToMessageDecoder.java:293) [netty-codec-4.1.7.Final.jar:4.1.7.Final]
	at io.netty.handler.codec.ByteToMessageDecoder.channelRead(ByteToMessageDecoder.java:267) [netty-codec-4.1.7.Final.jar:4.1.7.Final]
	at io.netty.channel.AbstractChannelHandlerContext.invokeChannelRead(AbstractChannelHandlerContext.java:363) [netty-transport-4.1.7.Final.jar:4.1.7.Final]
	at io.netty.channel.AbstractChannelHandlerContext.invokeChannelRead(AbstractChannelHandlerContext.java:349) [netty-transport-4.1.7.Final.jar:4.1.7.Final]
	at io.netty.channel.AbstractChannelHandlerContext.fireChannelRead(AbstractChannelHandlerContext.java:341) [netty-transport-4.1.7.Final.jar:4.1.7.Final]
	at io.netty.channel.ChannelInboundHandlerAdapter.channelRead(ChannelInboundHandlerAdapter.java:86) [netty-transport-4.1.7.Final.jar:4.1.7.Final]
	at io.netty.channel.AbstractChannelHandlerContext.invokeChannelRead(AbstractChannelHandlerContext.java:363) [netty-transport-4.1.7.Final.jar:4.1.7.Final]
	at io.netty.channel.AbstractChannelHandlerContext.invokeChannelRead(AbstractChannelHandlerContext.java:349) [netty-transport-4.1.7.Final.jar:4.1.7.Final]
	at io.netty.channel.AbstractChannelHandlerContext.fireChannelRead(AbstractChannelHandlerContext.java:341) [netty-transport-4.1.7.Final.jar:4.1.7.Final]
	at io.netty.channel.DefaultChannelPipeline$HeadContext.channelRead(DefaultChannelPipeline.java:1334) [netty-transport-4.1.7.Final.jar:4.1.7.Final]
	at io.netty.channel.AbstractChannelHandlerContext.invokeChannelRead(AbstractChannelHandlerContext.java:363) [netty-transport-4.1.7.Final.jar:4.1.7.Final]
	at io.netty.channel.AbstractChannelHandlerContext.invokeChannelRead(AbstractChannelHandlerContext.java:349) [netty-transport-4.1.7.Final.jar:4.1.7.Final]
	at io.netty.channel.DefaultChannelPipeline.fireChannelRead(DefaultChannelPipeline.java:926) [netty-transport-4.1.7.Final.jar:4.1.7.Final]
	at io.netty.channel.nio.AbstractNioByteChannel$NioByteUnsafe.read(AbstractNioByteChannel.java:129) [netty-transport-4.1.7.Final.jar:4.1.7.Final]
	at io.netty.channel.nio.NioEventLoop.processSelectedKey(NioEventLoop.java:642) [netty-transport-4.1.7.Final.jar:4.1.7.Final]
	at io.netty.channel.nio.NioEventLoop.processSelectedKeysPlain(NioEventLoop.java:527) [netty-transport-4.1.7.Final.jar:4.1.7.Final]
	at io.netty.channel.nio.NioEventLoop.processSelectedKeys(NioEventLoop.java:481) [netty-transport-4.1.7.Final.jar:4.1.7.Final]
	at io.netty.channel.nio.NioEventLoop.run(NioEventLoop.java:441) [netty-transport-4.1.7.Final.jar:4.1.7.Final]
	at io.netty.util.concurrent.SingleThreadEventExecutor$5.run(SingleThreadEventExecutor.java:858) [netty-common-4.1.7.Final.jar:4.1.7.Final]
	at java.lang.Thread.run(Thread.java:745) [?:1.8.0_111]
[2017-02-17T12:11:10,276][WARN ][r.suppressed             ] path: /schools_gov/_bulk, params: {index=schools_gov}
com.fasterxml.jackson.core.io.JsonEOFException: Unexpected end-of-input: expected close marker for Object (start marker at [Source: org.elasticsearch.transport.netty4.ByteBufStreamInput@1348f5e2; line: 1, column: 1])
 at [Source: org.elasticsearch.transport.netty4.ByteBufStreamInput@1348f5e2; line: 2, column: 3]
	at com.fasterxml.jackson.core.base.ParserMinimalBase._reportInvalidEOF(ParserMinimalBase.java:483) ~[jackson-core-2.8.6.jar:2.8.6]
	at com.fasterxml.jackson.core.base.ParserBase._handleEOF(ParserBase.java:535) ~[jackson-core-2.8.6.jar:2.8.6]
	at com.fasterxml.jackson.core.base.ParserBase._eofAsNextChar(ParserBase.java:547) ~[jackson-core-2.8.6.jar:2.8.6]
	at com.fasterxml.jackson.core.json.UTF8StreamJsonParser._skipWSOrEnd2(UTF8StreamJsonParser.java:3003) ~[jackson-core-2.8.6.jar:2.8.6]
	at com.fasterxml.jackson.core.json.UTF8StreamJsonParser._skipWSOrEnd(UTF8StreamJsonParser.java:2973) ~[jackson-core-2.8.6.jar:2.8.6]
	at com.fasterxml.jackson.core.json.UTF8StreamJsonParser.nextToken(UTF8StreamJsonParser.java:731) ~[jackson-core-2.8.6.jar:2.8.6]
	at org.elasticsearch.common.xcontent.json.JsonXContentParser.nextToken(JsonXContentParser.java:55) ~[elasticsearch-5.2.0.jar:5.2.0]
	at org.elasticsearch.action.bulk.BulkRequest.add(BulkRequest.java:291) ~[elasticsearch-5.2.0.jar:5.2.0]
	at org.elasticsearch.rest.action.document.RestBulkAction.prepareRequest(RestBulkAction.java:97) ~[elasticsearch-5.2.0.jar:5.2.0]
	at org.elasticsearch.rest.BaseRestHandler.handleRequest(BaseRestHandler.java:66) ~[elasticsearch-5.2.0.jar:5.2.0]
	at org.elasticsearch.rest.RestController.dispatchRequest(RestController.java:162) ~[elasticsearch-5.2.0.jar:5.2.0]
	at org.elasticsearch.http.HttpServer.dispatchRequest(HttpServer.java:115) [elasticsearch-5.2.0.jar:5.2.0]
	at org.elasticsearch.http.netty4.Netty4HttpServerTransport.dispatchRequest(Netty4HttpServerTransport.java:515) [transport-netty4-5.2.0.jar:5.2.0]
	at org.elasticsearch.http.netty4.Netty4HttpRequestHandler.channelRead0(Netty4HttpRequestHandler.java:70) [transport-netty4-5.2.0.jar:5.2.0]
	at io.netty.channel.SimpleChannelInboundHandler.channelRead(SimpleChannelInboundHandler.java:105) [netty-transport-4.1.7.Final.jar:4.1.7.Final]
	at io.netty.channel.AbstractChannelHandlerContext.invokeChannelRead(AbstractChannelHandlerContext.java:363) [netty-transport-4.1.7.Final.jar:4.1.7.Final]
	at io.netty.channel.AbstractChannelHandlerContext.invokeChannelRead(AbstractChannelHandlerContext.java:349) [netty-transport-4.1.7.Final.jar:4.1.7.Final]
	at io.netty.channel.AbstractChannelHandlerContext.fireChannelRead(AbstractChannelHandlerContext.java:341) [netty-transport-4.1.7.Final.jar:4.1.7.Final]
	at org.elasticsearch.http.netty4.pipelining.HttpPipeliningHandler.channelRead(HttpPipeliningHandler.java:66) [transport-netty4-5.2.0.jar:5.2.0]
	at io.netty.channel.AbstractChannelHandlerContext.invokeChannelRead(AbstractChannelHandlerContext.java:363) [netty-transport-4.1.7.Final.jar:4.1.7.Final]
	at io.netty.channel.AbstractChannelHandlerContext.invokeChannelRead(AbstractChannelHandlerContext.java:349) [netty-transport-4.1.7.Final.jar:4.1.7.Final]
	at io.netty.channel.AbstractChannelHandlerContext.fireChannelRead(AbstractChannelHandlerContext.java:341) [netty-transport-4.1.7.Final.jar:4.1.7.Final]
	at io.netty.handler.codec.MessageToMessageDecoder.channelRead(MessageToMessageDecoder.java:102) [netty-codec-4.1.7.Final.jar:4.1.7.Final]
	at io.netty.handler.codec.MessageToMessageCodec.channelRead(MessageToMessageCodec.java:111) [netty-codec-4.1.7.Final.jar:4.1.7.Final]
	at io.netty.channel.AbstractChannelHandlerContext.invokeChannelRead(AbstractChannelHandlerContext.java:363) [netty-transport-4.1.7.Final.jar:4.1.7.Final]
	at io.netty.channel.AbstractChannelHandlerContext.invokeChannelRead(AbstractChannelHandlerContext.java:349) [netty-transport-4.1.7.Final.jar:4.1.7.Final]
	at io.netty.channel.AbstractChannelHandlerContext.fireChannelRead(AbstractChannelHandlerContext.java:341) [netty-transport-4.1.7.Final.jar:4.1.7.Final]
	at io.netty.handler.codec.MessageToMessageDecoder.channelRead(MessageToMessageDecoder.java:102) [netty-codec-4.1.7.Final.jar:4.1.7.Final]
	at io.netty.channel.AbstractChannelHandlerContext.invokeChannelRead(AbstractChannelHandlerContext.java:363) [netty-transport-4.1.7.Final.jar:4.1.7.Final]
	at io.netty.channel.AbstractChannelHandlerContext.invokeChannelRead(AbstractChannelHandlerContext.java:349) [netty-transport-4.1.7.Final.jar:4.1.7.Final]
	at io.netty.channel.AbstractChannelHandlerContext.fireChannelRead(AbstractChannelHandlerContext.java:341) [netty-transport-4.1.7.Final.jar:4.1.7.Final]
	at io.netty.handler.codec.MessageToMessageDecoder.channelRead(MessageToMessageDecoder.java:102) [netty-codec-4.1.7.Final.jar:4.1.7.Final]
	at io.netty.channel.AbstractChannelHandlerContext.invokeChannelRead(AbstractChannelHandlerContext.java:363) [netty-transport-4.1.7.Final.jar:4.1.7.Final]
	at io.netty.channel.AbstractChannelHandlerContext.invokeChannelRead(AbstractChannelHandlerContext.java:349) [netty-transport-4.1.7.Final.jar:4.1.7.Final]
	at io.netty.channel.AbstractChannelHandlerContext.fireChannelRead(AbstractChannelHandlerContext.java:341) [netty-transport-4.1.7.Final.jar:4.1.7.Final]
	at io.netty.handler.codec.ByteToMessageDecoder.fireChannelRead(ByteToMessageDecoder.java:293) [netty-codec-4.1.7.Final.jar:4.1.7.Final]
	at io.netty.handler.codec.ByteToMessageDecoder.channelRead(ByteToMessageDecoder.java:267) [netty-codec-4.1.7.Final.jar:4.1.7.Final]
	at io.netty.channel.AbstractChannelHandlerContext.invokeChannelRead(AbstractChannelHandlerContext.java:363) [netty-transport-4.1.7.Final.jar:4.1.7.Final]
	at io.netty.channel.AbstractChannelHandlerContext.invokeChannelRead(AbstractChannelHandlerContext.java:349) [netty-transport-4.1.7.Final.jar:4.1.7.Final]
	at io.netty.channel.AbstractChannelHandlerContext.fireChannelRead(AbstractChannelHandlerContext.java:341) [netty-transport-4.1.7.Final.jar:4.1.7.Final]
	at io.netty.channel.ChannelInboundHandlerAdapter.channelRead(ChannelInboundHandlerAdapter.java:86) [netty-transport-4.1.7.Final.jar:4.1.7.Final]
	at io.netty.channel.AbstractChannelHandlerContext.invokeChannelRead(AbstractChannelHandlerContext.java:363) [netty-transport-4.1.7.Final.jar:4.1.7.Final]
	at io.netty.channel.AbstractChannelHandlerContext.invokeChannelRead(AbstractChannelHandlerContext.java:349) [netty-transport-4.1.7.Final.jar:4.1.7.Final]
	at io.netty.channel.AbstractChannelHandlerContext.fireChannelRead(AbstractChannelHandlerContext.java:341) [netty-transport-4.1.7.Final.jar:4.1.7.Final]
	at io.netty.channel.DefaultChannelPipeline$HeadContext.channelRead(DefaultChannelPipeline.java:1334) [netty-transport-4.1.7.Final.jar:4.1.7.Final]
	at io.netty.channel.AbstractChannelHandlerContext.invokeChannelRead(AbstractChannelHandlerContext.java:363) [netty-transport-4.1.7.Final.jar:4.1.7.Final]
	at io.netty.channel.AbstractChannelHandlerContext.invokeChannelRead(AbstractChannelHandlerContext.java:349) [netty-transport-4.1.7.Final.jar:4.1.7.Final]
	at io.netty.channel.DefaultChannelPipeline.fireChannelRead(DefaultChannelPipeline.java:926) [netty-transport-4.1.7.Final.jar:4.1.7.Final]
	at io.netty.channel.nio.AbstractNioByteChannel$NioByteUnsafe.read(AbstractNioByteChannel.java:129) [netty-transport-4.1.7.Final.jar:4.1.7.Final]
	at io.netty.channel.nio.NioEventLoop.processSelectedKey(NioEventLoop.java:642) [netty-transport-4.1.7.Final.jar:4.1.7.Final]
	at io.netty.channel.nio.NioEventLoop.processSelectedKeysPlain(NioEventLoop.java:527) [netty-transport-4.1.7.Final.jar:4.1.7.Final]
	at io.netty.channel.nio.NioEventLoop.processSelectedKeys(NioEventLoop.java:481) [netty-transport-4.1.7.Final.jar:4.1.7.Final]
	at io.netty.channel.nio.NioEventLoop.run(NioEventLoop.java:441) [netty-transport-4.1.7.Final.jar:4.1.7.Final]
	at io.netty.util.concurrent.SingleThreadEventExecutor$5.run(SingleThreadEventExecutor.java:858) [netty-common-4.1.7.Final.jar:4.1.7.Final]
	at java.lang.Thread.run(Thread.java:745) [?:1.8.0_111]
[2017-02-17T12:11:40,230][WARN ][r.suppressed             ] path: /schools_gov/_bulk, params: {index=schools_gov}
com.fasterxml.jackson.core.io.JsonEOFException: Unexpected end-of-input: expected close marker for Object (start marker at [Source: org.elasticsearch.transport.netty4.ByteBufStreamInput@7da16cdf; line: 1, column: 1])
 at [Source: org.elasticsearch.transport.netty4.ByteBufStreamInput@7da16cdf; line: 2, column: 3]
	at com.fasterxml.jackson.core.base.ParserMinimalBase._reportInvalidEOF(ParserMinimalBase.java:483) ~[jackson-core-2.8.6.jar:2.8.6]
	at com.fasterxml.jackson.core.base.ParserBase._handleEOF(ParserBase.java:535) ~[jackson-core-2.8.6.jar:2.8.6]
	at com.fasterxml.jackson.core.base.ParserBase._eofAsNextChar(ParserBase.java:547) ~[jackson-core-2.8.6.jar:2.8.6]
	at com.fasterxml.jackson.core.json.UTF8StreamJsonParser._skipWSOrEnd2(UTF8StreamJsonParser.java:3003) ~[jackson-core-2.8.6.jar:2.8.6]
	at com.fasterxml.jackson.core.json.UTF8StreamJsonParser._skipWSOrEnd(UTF8StreamJsonParser.java:2973) ~[jackson-core-2.8.6.jar:2.8.6]
	at com.fasterxml.jackson.core.json.UTF8StreamJsonParser.nextToken(UTF8StreamJsonParser.java:731) ~[jackson-core-2.8.6.jar:2.8.6]
	at org.elasticsearch.common.xcontent.json.JsonXContentParser.nextToken(JsonXContentParser.java:55) ~[elasticsearch-5.2.0.jar:5.2.0]
	at org.elasticsearch.action.bulk.BulkRequest.add(BulkRequest.java:291) ~[elasticsearch-5.2.0.jar:5.2.0]
	at org.elasticsearch.rest.action.document.RestBulkAction.prepareRequest(RestBulkAction.java:97) ~[elasticsearch-5.2.0.jar:5.2.0]
	at org.elasticsearch.rest.BaseRestHandler.handleRequest(BaseRestHandler.java:66) ~[elasticsearch-5.2.0.jar:5.2.0]
	at org.elasticsearch.rest.RestController.dispatchRequest(RestController.java:162) ~[elasticsearch-5.2.0.jar:5.2.0]
	at org.elasticsearch.http.HttpServer.dispatchRequest(HttpServer.java:115) [elasticsearch-5.2.0.jar:5.2.0]
	at org.elasticsearch.http.netty4.Netty4HttpServerTransport.dispatchRequest(Netty4HttpServerTransport.java:515) [transport-netty4-5.2.0.jar:5.2.0]
	at org.elasticsearch.http.netty4.Netty4HttpRequestHandler.channelRead0(Netty4HttpRequestHandler.java:70) [transport-netty4-5.2.0.jar:5.2.0]
	at io.netty.channel.SimpleChannelInboundHandler.channelRead(SimpleChannelInboundHandler.java:105) [netty-transport-4.1.7.Final.jar:4.1.7.Final]
	at io.netty.channel.AbstractChannelHandlerContext.invokeChannelRead(AbstractChannelHandlerContext.java:363) [netty-transport-4.1.7.Final.jar:4.1.7.Final]
	at io.netty.channel.AbstractChannelHandlerContext.invokeChannelRead(AbstractChannelHandlerContext.java:349) [netty-transport-4.1.7.Final.jar:4.1.7.Final]
	at io.netty.channel.AbstractChannelHandlerContext.fireChannelRead(AbstractChannelHandlerContext.java:341) [netty-transport-4.1.7.Final.jar:4.1.7.Final]
	at org.elasticsearch.http.netty4.pipelining.HttpPipeliningHandler.channelRead(HttpPipeliningHandler.java:66) [transport-netty4-5.2.0.jar:5.2.0]
	at io.netty.channel.AbstractChannelHandlerContext.invokeChannelRead(AbstractChannelHandlerContext.java:363) [netty-transport-4.1.7.Final.jar:4.1.7.Final]
	at io.netty.channel.AbstractChannelHandlerContext.invokeChannelRead(AbstractChannelHandlerContext.java:349) [netty-transport-4.1.7.Final.jar:4.1.7.Final]
	at io.netty.channel.AbstractChannelHandlerContext.fireChannelRead(AbstractChannelHandlerContext.java:341) [netty-transport-4.1.7.Final.jar:4.1.7.Final]
	at io.netty.handler.codec.MessageToMessageDecoder.channelRead(MessageToMessageDecoder.java:102) [netty-codec-4.1.7.Final.jar:4.1.7.Final]
	at io.netty.handler.codec.MessageToMessageCodec.channelRead(MessageToMessageCodec.java:111) [netty-codec-4.1.7.Final.jar:4.1.7.Final]
	at io.netty.channel.AbstractChannelHandlerContext.invokeChannelRead(AbstractChannelHandlerContext.java:363) [netty-transport-4.1.7.Final.jar:4.1.7.Final]
	at io.netty.channel.AbstractChannelHandlerContext.invokeChannelRead(AbstractChannelHandlerContext.java:349) [netty-transport-4.1.7.Final.jar:4.1.7.Final]
	at io.netty.channel.AbstractChannelHandlerContext.fireChannelRead(AbstractChannelHandlerContext.java:341) [netty-transport-4.1.7.Final.jar:4.1.7.Final]
	at io.netty.handler.codec.MessageToMessageDecoder.channelRead(MessageToMessageDecoder.java:102) [netty-codec-4.1.7.Final.jar:4.1.7.Final]
	at io.netty.channel.AbstractChannelHandlerContext.invokeChannelRead(AbstractChannelHandlerContext.java:363) [netty-transport-4.1.7.Final.jar:4.1.7.Final]
	at io.netty.channel.AbstractChannelHandlerContext.invokeChannelRead(AbstractChannelHandlerContext.java:349) [netty-transport-4.1.7.Final.jar:4.1.7.Final]
	at io.netty.channel.AbstractChannelHandlerContext.fireChannelRead(AbstractChannelHandlerContext.java:341) [netty-transport-4.1.7.Final.jar:4.1.7.Final]
	at io.netty.handler.codec.MessageToMessageDecoder.channelRead(MessageToMessageDecoder.java:102) [netty-codec-4.1.7.Final.jar:4.1.7.Final]
	at io.netty.channel.AbstractChannelHandlerContext.invokeChannelRead(AbstractChannelHandlerContext.java:363) [netty-transport-4.1.7.Final.jar:4.1.7.Final]
	at io.netty.channel.AbstractChannelHandlerContext.invokeChannelRead(AbstractChannelHandlerContext.java:349) [netty-transport-4.1.7.Final.jar:4.1.7.Final]
	at io.netty.channel.AbstractChannelHandlerContext.fireChannelRead(AbstractChannelHandlerContext.java:341) [netty-transport-4.1.7.Final.jar:4.1.7.Final]
	at io.netty.handler.codec.ByteToMessageDecoder.fireChannelRead(ByteToMessageDecoder.java:293) [netty-codec-4.1.7.Final.jar:4.1.7.Final]
	at io.netty.handler.codec.ByteToMessageDecoder.channelRead(ByteToMessageDecoder.java:267) [netty-codec-4.1.7.Final.jar:4.1.7.Final]
	at io.netty.channel.AbstractChannelHandlerContext.invokeChannelRead(AbstractChannelHandlerContext.java:363) [netty-transport-4.1.7.Final.jar:4.1.7.Final]
	at io.netty.channel.AbstractChannelHandlerContext.invokeChannelRead(AbstractChannelHandlerContext.java:349) [netty-transport-4.1.7.Final.jar:4.1.7.Final]
	at io.netty.channel.AbstractChannelHandlerContext.fireChannelRead(AbstractChannelHandlerContext.java:341) [netty-transport-4.1.7.Final.jar:4.1.7.Final]
	at io.netty.channel.ChannelInboundHandlerAdapter.channelRead(ChannelInboundHandlerAdapter.java:86) [netty-transport-4.1.7.Final.jar:4.1.7.Final]
	at io.netty.channel.AbstractChannelHandlerContext.invokeChannelRead(AbstractChannelHandlerContext.java:363) [netty-transport-4.1.7.Final.jar:4.1.7.Final]
	at io.netty.channel.AbstractChannelHandlerContext.invokeChannelRead(AbstractChannelHandlerContext.java:349) [netty-transport-4.1.7.Final.jar:4.1.7.Final]
	at io.netty.channel.AbstractChannelHandlerContext.fireChannelRead(AbstractChannelHandlerContext.java:341) [netty-transport-4.1.7.Final.jar:4.1.7.Final]
	at io.netty.channel.DefaultChannelPipeline$HeadContext.channelRead(DefaultChannelPipeline.java:1334) [netty-transport-4.1.7.Final.jar:4.1.7.Final]
	at io.netty.channel.AbstractChannelHandlerContext.invokeChannelRead(AbstractChannelHandlerContext.java:363) [netty-transport-4.1.7.Final.jar:4.1.7.Final]
	at io.netty.channel.AbstractChannelHandlerContext.invokeChannelRead(AbstractChannelHandlerContext.java:349) [netty-transport-4.1.7.Final.jar:4.1.7.Final]
	at io.netty.channel.DefaultChannelPipeline.fireChannelRead(DefaultChannelPipeline.java:926) [netty-transport-4.1.7.Final.jar:4.1.7.Final]
	at io.netty.channel.nio.AbstractNioByteChannel$NioByteUnsafe.read(AbstractNioByteChannel.java:129) [netty-transport-4.1.7.Final.jar:4.1.7.Final]
	at io.netty.channel.nio.NioEventLoop.processSelectedKey(NioEventLoop.java:642) [netty-transport-4.1.7.Final.jar:4.1.7.Final]
	at io.netty.channel.nio.NioEventLoop.processSelectedKeysPlain(NioEventLoop.java:527) [netty-transport-4.1.7.Final.jar:4.1.7.Final]
	at io.netty.channel.nio.NioEventLoop.processSelectedKeys(NioEventLoop.java:481) [netty-transport-4.1.7.Final.jar:4.1.7.Final]
	at io.netty.channel.nio.NioEventLoop.run(NioEventLoop.java:441) [netty-transport-4.1.7.Final.jar:4.1.7.Final]
	at io.netty.util.concurrent.SingleThreadEventExecutor$5.run(SingleThreadEventExecutor.java:858) [netty-common-4.1.7.Final.jar:4.1.7.Final]
	at java.lang.Thread.run(Thread.java:745) [?:1.8.0_111]
[2017-02-17T12:11:41,853][WARN ][r.suppressed             ] path: /schools_gov/_bulk, params: {index=schools_gov}
com.fasterxml.jackson.core.io.JsonEOFException: Unexpected end-of-input: expected close marker for Object (start marker at [Source: org.elasticsearch.transport.netty4.ByteBufStreamInput@4e787a5c; line: 1, column: 1])
 at [Source: org.elasticsearch.transport.netty4.ByteBufStreamInput@4e787a5c; line: 2, column: 3]
	at com.fasterxml.jackson.core.base.ParserMinimalBase._reportInvalidEOF(ParserMinimalBase.java:483) ~[jackson-core-2.8.6.jar:2.8.6]
	at com.fasterxml.jackson.core.base.ParserBase._handleEOF(ParserBase.java:535) ~[jackson-core-2.8.6.jar:2.8.6]
	at com.fasterxml.jackson.core.base.ParserBase._eofAsNextChar(ParserBase.java:547) ~[jackson-core-2.8.6.jar:2.8.6]
	at com.fasterxml.jackson.core.json.UTF8StreamJsonParser._skipWSOrEnd2(UTF8StreamJsonParser.java:3003) ~[jackson-core-2.8.6.jar:2.8.6]
	at com.fasterxml.jackson.core.json.UTF8StreamJsonParser._skipWSOrEnd(UTF8StreamJsonParser.java:2973) ~[jackson-core-2.8.6.jar:2.8.6]
	at com.fasterxml.jackson.core.json.UTF8StreamJsonParser.nextToken(UTF8StreamJsonParser.java:731) ~[jackson-core-2.8.6.jar:2.8.6]
	at org.elasticsearch.common.xcontent.json.JsonXContentParser.nextToken(JsonXContentParser.java:55) ~[elasticsearch-5.2.0.jar:5.2.0]
	at org.elasticsearch.action.bulk.BulkRequest.add(BulkRequest.java:291) ~[elasticsearch-5.2.0.jar:5.2.0]
	at org.elasticsearch.rest.action.document.RestBulkAction.prepareRequest(RestBulkAction.java:97) ~[elasticsearch-5.2.0.jar:5.2.0]
	at org.elasticsearch.rest.BaseRestHandler.handleRequest(BaseRestHandler.java:66) ~[elasticsearch-5.2.0.jar:5.2.0]
	at org.elasticsearch.rest.RestController.dispatchRequest(RestController.java:162) ~[elasticsearch-5.2.0.jar:5.2.0]
	at org.elasticsearch.http.HttpServer.dispatchRequest(HttpServer.java:115) [elasticsearch-5.2.0.jar:5.2.0]
	at org.elasticsearch.http.netty4.Netty4HttpServerTransport.dispatchRequest(Netty4HttpServerTransport.java:515) [transport-netty4-5.2.0.jar:5.2.0]
	at org.elasticsearch.http.netty4.Netty4HttpRequestHandler.channelRead0(Netty4HttpRequestHandler.java:70) [transport-netty4-5.2.0.jar:5.2.0]
	at io.netty.channel.SimpleChannelInboundHandler.channelRead(SimpleChannelInboundHandler.java:105) [netty-transport-4.1.7.Final.jar:4.1.7.Final]
	at io.netty.channel.AbstractChannelHandlerContext.invokeChannelRead(AbstractChannelHandlerContext.java:363) [netty-transport-4.1.7.Final.jar:4.1.7.Final]
	at io.netty.channel.AbstractChannelHandlerContext.invokeChannelRead(AbstractChannelHandlerContext.java:349) [netty-transport-4.1.7.Final.jar:4.1.7.Final]
	at io.netty.channel.AbstractChannelHandlerContext.fireChannelRead(AbstractChannelHandlerContext.java:341) [netty-transport-4.1.7.Final.jar:4.1.7.Final]
	at org.elasticsearch.http.netty4.pipelining.HttpPipeliningHandler.channelRead(HttpPipeliningHandler.java:66) [transport-netty4-5.2.0.jar:5.2.0]
	at io.netty.channel.AbstractChannelHandlerContext.invokeChannelRead(AbstractChannelHandlerContext.java:363) [netty-transport-4.1.7.Final.jar:4.1.7.Final]
	at io.netty.channel.AbstractChannelHandlerContext.invokeChannelRead(AbstractChannelHandlerContext.java:349) [netty-transport-4.1.7.Final.jar:4.1.7.Final]
	at io.netty.channel.AbstractChannelHandlerContext.fireChannelRead(AbstractChannelHandlerContext.java:341) [netty-transport-4.1.7.Final.jar:4.1.7.Final]
	at io.netty.handler.codec.MessageToMessageDecoder.channelRead(MessageToMessageDecoder.java:102) [netty-codec-4.1.7.Final.jar:4.1.7.Final]
	at io.netty.handler.codec.MessageToMessageCodec.channelRead(MessageToMessageCodec.java:111) [netty-codec-4.1.7.Final.jar:4.1.7.Final]
	at io.netty.channel.AbstractChannelHandlerContext.invokeChannelRead(AbstractChannelHandlerContext.java:363) [netty-transport-4.1.7.Final.jar:4.1.7.Final]
	at io.netty.channel.AbstractChannelHandlerContext.invokeChannelRead(AbstractChannelHandlerContext.java:349) [netty-transport-4.1.7.Final.jar:4.1.7.Final]
	at io.netty.channel.AbstractChannelHandlerContext.fireChannelRead(AbstractChannelHandlerContext.java:341) [netty-transport-4.1.7.Final.jar:4.1.7.Final]
	at io.netty.handler.codec.MessageToMessageDecoder.channelRead(MessageToMessageDecoder.java:102) [netty-codec-4.1.7.Final.jar:4.1.7.Final]
	at io.netty.channel.AbstractChannelHandlerContext.invokeChannelRead(AbstractChannelHandlerContext.java:363) [netty-transport-4.1.7.Final.jar:4.1.7.Final]
	at io.netty.channel.AbstractChannelHandlerContext.invokeChannelRead(AbstractChannelHandlerContext.java:349) [netty-transport-4.1.7.Final.jar:4.1.7.Final]
	at io.netty.channel.AbstractChannelHandlerContext.fireChannelRead(AbstractChannelHandlerContext.java:341) [netty-transport-4.1.7.Final.jar:4.1.7.Final]
	at io.netty.handler.codec.MessageToMessageDecoder.channelRead(MessageToMessageDecoder.java:102) [netty-codec-4.1.7.Final.jar:4.1.7.Final]
	at io.netty.channel.AbstractChannelHandlerContext.invokeChannelRead(AbstractChannelHandlerContext.java:363) [netty-transport-4.1.7.Final.jar:4.1.7.Final]
	at io.netty.channel.AbstractChannelHandlerContext.invokeChannelRead(AbstractChannelHandlerContext.java:349) [netty-transport-4.1.7.Final.jar:4.1.7.Final]
	at io.netty.channel.AbstractChannelHandlerContext.fireChannelRead(AbstractChannelHandlerContext.java:341) [netty-transport-4.1.7.Final.jar:4.1.7.Final]
	at io.netty.handler.codec.ByteToMessageDecoder.fireChannelRead(ByteToMessageDecoder.java:293) [netty-codec-4.1.7.Final.jar:4.1.7.Final]
	at io.netty.handler.codec.ByteToMessageDecoder.channelRead(ByteToMessageDecoder.java:267) [netty-codec-4.1.7.Final.jar:4.1.7.Final]
	at io.netty.channel.AbstractChannelHandlerContext.invokeChannelRead(AbstractChannelHandlerContext.java:363) [netty-transport-4.1.7.Final.jar:4.1.7.Final]
	at io.netty.channel.AbstractChannelHandlerContext.invokeChannelRead(AbstractChannelHandlerContext.java:349) [netty-transport-4.1.7.Final.jar:4.1.7.Final]
	at io.netty.channel.AbstractChannelHandlerContext.fireChannelRead(AbstractChannelHandlerContext.java:341) [netty-transport-4.1.7.Final.jar:4.1.7.Final]
	at io.netty.channel.ChannelInboundHandlerAdapter.channelRead(ChannelInboundHandlerAdapter.java:86) [netty-transport-4.1.7.Final.jar:4.1.7.Final]
	at io.netty.channel.AbstractChannelHandlerContext.invokeChannelRead(AbstractChannelHandlerContext.java:363) [netty-transport-4.1.7.Final.jar:4.1.7.Final]
	at io.netty.channel.AbstractChannelHandlerContext.invokeChannelRead(AbstractChannelHandlerContext.java:349) [netty-transport-4.1.7.Final.jar:4.1.7.Final]
	at io.netty.channel.AbstractChannelHandlerContext.fireChannelRead(AbstractChannelHandlerContext.java:341) [netty-transport-4.1.7.Final.jar:4.1.7.Final]
	at io.netty.channel.DefaultChannelPipeline$HeadContext.channelRead(DefaultChannelPipeline.java:1334) [netty-transport-4.1.7.Final.jar:4.1.7.Final]
	at io.netty.channel.AbstractChannelHandlerContext.invokeChannelRead(AbstractChannelHandlerContext.java:363) [netty-transport-4.1.7.Final.jar:4.1.7.Final]
	at io.netty.channel.AbstractChannelHandlerContext.invokeChannelRead(AbstractChannelHandlerContext.java:349) [netty-transport-4.1.7.Final.jar:4.1.7.Final]
	at io.netty.channel.DefaultChannelPipeline.fireChannelRead(DefaultChannelPipeline.java:926) [netty-transport-4.1.7.Final.jar:4.1.7.Final]
	at io.netty.channel.nio.AbstractNioByteChannel$NioByteUnsafe.read(AbstractNioByteChannel.java:129) [netty-transport-4.1.7.Final.jar:4.1.7.Final]
	at io.netty.channel.nio.NioEventLoop.processSelectedKey(NioEventLoop.java:642) [netty-transport-4.1.7.Final.jar:4.1.7.Final]
	at io.netty.channel.nio.NioEventLoop.processSelectedKeysPlain(NioEventLoop.java:527) [netty-transport-4.1.7.Final.jar:4.1.7.Final]
	at io.netty.channel.nio.NioEventLoop.processSelectedKeys(NioEventLoop.java:481) [netty-transport-4.1.7.Final.jar:4.1.7.Final]
	at io.netty.channel.nio.NioEventLoop.run(NioEventLoop.java:441) [netty-transport-4.1.7.Final.jar:4.1.7.Final]
	at io.netty.util.concurrent.SingleThreadEventExecutor$5.run(SingleThreadEventExecutor.java:858) [netty-common-4.1.7.Final.jar:4.1.7.Final]
	at java.lang.Thread.run(Thread.java:745) [?:1.8.0_111]
[2017-02-17T12:15:31,609][INFO ][o.e.c.m.MetaDataMappingService] [lmH2s5S] [schools/A_t1TjLVQJ2cUz0y-ybElQ] create_mapping [school]
[2017-02-17T17:28:20,287][INFO ][o.e.b.Bootstrap          ] running graceful exit on windows
[2017-02-17T17:28:20,287][INFO ][o.e.n.Node               ] [lmH2s5S] stopping ...
[2017-02-17T17:28:20,350][INFO ][o.e.n.Node               ] [lmH2s5S] stopped
[2017-02-17T17:28:20,350][INFO ][o.e.n.Node               ] [lmH2s5S] closing ...
[2017-02-17T17:28:20,365][INFO ][o.e.n.Node               ] [lmH2s5S] closed
